2024-12-08 11:42:28 23588 [Note] InnoDB: Mutexes and rw_locks use Windows interlocked functions
2024-12-08 11:42:28 23588 [Note] InnoDB: Uses event mutexes
2024-12-08 11:42:28 23588 [Note] InnoDB: Compressed tables use zlib 1.2.3
2024-12-08 11:42:28 23588 [Note] InnoDB: Number of pools: 1
2024-12-08 11:42:28 23588 [Note] InnoDB: Using generic crc32 instructions
2024-12-08 11:42:28 23588 [Note] InnoDB: Initializing buffer pool, total size = 128M, instances = 1, chunk size = 128M
2024-12-08 11:42:28 23588 [Note] InnoDB: Completed initialization of buffer pool
2024-12-08 11:42:28 23588 [Note] InnoDB: The first innodb_system data file 'ibdata1' did not exist. A new tablespace will be created!
2024-12-08 11:42:28 23588 [Note] InnoDB: Setting file '.\ibdata1' size to 12 MB. Physically writing the file full; Please wait ...
2024-12-08 11:42:28 23588 [Note] InnoDB: File '.\ibdata1' size is now 12 MB.
2024-12-08 11:42:28 23588 [Note] InnoDB: Setting log file .\ib_logfile101 size to 50331648 bytes
2024-12-08 11:42:28 23588 [Note] InnoDB: Setting log file .\ib_logfile1 size to 50331648 bytes
2024-12-08 11:42:28 23588 [Note] InnoDB: Renaming log file .\ib_logfile101 to .\ib_logfile0
2024-12-08 11:42:28 23588 [Note] InnoDB: New log files created, LSN=45790
2024-12-08 11:42:28 23588 [Note] InnoDB: Doublewrite buffer not found: creating new
2024-12-08 11:42:28 23588 [Note] InnoDB: Doublewrite buffer created
2024-12-08 11:42:28 23588 [Note] InnoDB: 128 out of 128 rollback segments are active.
2024-12-08 11:42:28 23588 [Note] InnoDB: Creating foreign key constraint system tables.
2024-12-08 11:42:28 23588 [Note] InnoDB: Creating tablespace and datafile system tables.
2024-12-08 11:42:28 23588 [Note] InnoDB: Creating sys_virtual system tables.
2024-12-08 11:42:28 23588 [Note] InnoDB: Creating shared tablespace for temporary tables
2024-12-08 11:42:28 23588 [Note] InnoDB: Setting file '.\ibtmp1' size to 12 MB. Physically writing the file full; Please wait ...
2024-12-08 11:42:28 23588 [Note] InnoDB: File '.\ibtmp1' size is now 12 MB.
2024-12-08 11:42:28 23588 [Note] InnoDB: 5.7.19 started; log sequence number 0
2024-12-08 11:42:28 23588 [Note] Plugin 'FEEDBACK' is disabled.
2024-12-08 11:42:28 23588 [Note] Server socket created on IP: '::'.
2024-12-08 11:42:28 23588 [ERROR] Can't start server: Bind on TCP/IP port. Got error: 10048: Only one usage of each socket address (protocol/network address/port) is normally permitted.

2024-12-08 11:42:28 23588 [ERROR] Do you already have another mysqld server running on port: 3306 ?
2024-12-08 11:42:28 23588 [ERROR] Aborting

2024-12-08 11:42:41 36152 [Note] InnoDB: Mutexes and rw_locks use Windows interlocked functions
2024-12-08 11:42:41 36152 [Note] InnoDB: Uses event mutexes
2024-12-08 11:42:41 36152 [Note] InnoDB: Compressed tables use zlib 1.2.3
2024-12-08 11:42:41 36152 [Note] InnoDB: Number of pools: 1
2024-12-08 11:42:41 36152 [Note] InnoDB: Using generic crc32 instructions
2024-12-08 11:42:41 36152 [Note] InnoDB: Initializing buffer pool, total size = 128M, instances = 1, chunk size = 128M
2024-12-08 11:42:41 36152 [Note] InnoDB: Completed initialization of buffer pool
2024-12-08 11:42:41 36152 [Note] InnoDB: Highest supported file format is Barracuda.
2024-12-08 11:42:41 36152 [Note] InnoDB: 128 out of 128 rollback segments are active.
2024-12-08 11:42:41 36152 [Note] InnoDB: Creating shared tablespace for temporary tables
2024-12-08 11:42:41 36152 [Note] InnoDB: Setting file '.\ibtmp1' size to 12 MB. Physically writing the file full; Please wait ...
2024-12-08 11:42:41 36152 [Note] InnoDB: File '.\ibtmp1' size is now 12 MB.
2024-12-08 11:42:41 36152 [Note] InnoDB: 5.7.19 started; log sequence number 1603465
2024-12-08 11:42:41 7792 [Note] InnoDB: Loading buffer pool(s) from C:\Users\barraud\Documents\tech-stuff\the-dr-nefario-setup\backoffice\mariadb.min\data\ib_buffer_pool
2024-12-08 11:42:41 7792 [Note] InnoDB: Buffer pool(s) load completed at 241208 11:42:41
2024-12-08 11:42:41 36152 [Note] Plugin 'FEEDBACK' is disabled.
2024-12-08 11:42:41 36152 [Note] Server socket created on IP: '::'.
2024-12-08 11:42:41 36152 [ERROR] Can't start server: Bind on TCP/IP port. Got error: 10048: Only one usage of each socket address (protocol/network address/port) is normally permitted.

2024-12-08 11:42:41 36152 [ERROR] Do you already have another mysqld server running on port: 3306 ?
2024-12-08 11:42:41 36152 [ERROR] Aborting

